{"timestamp":"2025-12-04T14:43:59.520137Z","level":"info","event":"DAG bundles loaded: dags-folder","logger":"airflow.dag_processing.bundles.manager.DagBundlesManager","filename":"manager.py","lineno":179}
{"timestamp":"2025-12-04T14:43:59.522443Z","level":"info","event":"Filling up the DagBag from /opt/airflow/dags/gtfs_etl.py","logger":"airflow.models.dagbag.DagBag","filename":"dagbag.py","lineno":593}
{"timestamp":"2025-12-04T14:43:59.737877Z","level":"warning","event":"The `airflow.decorators.task` attribute is deprecated. Please use `'airflow.sdk.task'`.","category":"DeprecatedImportWarning","filename":"/opt/airflow/scripts/extract_gtfs_data_gouv.py","lineno":1,"logger":"py.warnings"}
{"timestamp":"2025-12-04T14:44:00.155079Z","level":"info","event":"[INFO] Downloaded: /opt/airflow/data/raw/83448/83448.20251204.001306.146391.zip","logger":"task.stdout"}
{"timestamp":"2025-12-04T14:44:00.441775Z","level":"info","event":"[INFO] Extracted /opt/airflow/data/raw/83448/83448.20251204.001306.146391.zip → /opt/airflow/data/staging/83448/83448.20251204.001306.146391","logger":"task.stdout"}
{"timestamp":"2025-12-04T14:44:00.628436Z","level":"info","event":"[INFO] Downloaded: /opt/airflow/data/raw/83448/83448.20251203.001406.022661.zip","logger":"task.stdout"}
{"timestamp":"2025-12-04T14:44:00.887146Z","level":"info","event":"[INFO] Extracted /opt/airflow/data/raw/83448/83448.20251203.001406.022661.zip → /opt/airflow/data/staging/83448/83448.20251203.001406.022661","logger":"task.stdout"}
{"timestamp":"2025-12-04T14:44:01.022519Z","level":"info","event":"[INFO] Downloaded: /opt/airflow/data/raw/83448/83448.20251202.001347.409663.zip","logger":"task.stdout"}
{"timestamp":"2025-12-04T14:44:01.273408Z","level":"info","event":"[INFO] Extracted /opt/airflow/data/raw/83448/83448.20251202.001347.409663.zip → /opt/airflow/data/staging/83448/83448.20251202.001347.409663","logger":"task.stdout"}
{"timestamp":"2025-12-04T14:44:01.411451Z","level":"info","event":"[INFO] Downloaded: /opt/airflow/data/raw/83448/83448.20251201.001639.002712.zip","logger":"task.stdout"}
{"timestamp":"2025-12-04T14:44:01.669979Z","level":"info","event":"[INFO] Extracted /opt/airflow/data/raw/83448/83448.20251201.001639.002712.zip → /opt/airflow/data/staging/83448/83448.20251201.001639.002712","logger":"task.stdout"}
{"timestamp":"2025-12-04T14:44:01.821549Z","level":"info","event":"[INFO] Downloaded: /opt/airflow/data/raw/83448/83448.20251130.001455.337895.zip","logger":"task.stdout"}
{"timestamp":"2025-12-04T14:44:02.069741Z","level":"info","event":"[INFO] Extracted /opt/airflow/data/raw/83448/83448.20251130.001455.337895.zip → /opt/airflow/data/staging/83448/83448.20251130.001455.337895","logger":"task.stdout"}
{"timestamp":"2025-12-04T14:44:02.257883Z","level":"info","event":"[INFO] Downloaded: /opt/airflow/data/raw/83448/83448.20251129.061558.041502.zip","logger":"task.stdout"}
{"timestamp":"2025-12-04T14:44:02.484743Z","level":"info","event":"[INFO] Extracted /opt/airflow/data/raw/83448/83448.20251129.061558.041502.zip → /opt/airflow/data/staging/83448/83448.20251129.061558.041502","logger":"task.stdout"}
{"timestamp":"2025-12-04T14:44:02.678760Z","level":"info","event":"[INFO] Downloaded: /opt/airflow/data/raw/83448/83448.20251128.001620.415898.zip","logger":"task.stdout"}
{"timestamp":"2025-12-04T14:44:02.906101Z","level":"info","event":"[INFO] Extracted /opt/airflow/data/raw/83448/83448.20251128.001620.415898.zip → /opt/airflow/data/staging/83448/83448.20251128.001620.415898","logger":"task.stdout"}
{"timestamp":"2025-12-04T14:44:03.046512Z","level":"info","event":"[INFO] Downloaded: /opt/airflow/data/raw/83448/83448.20251127.001631.529547.zip","logger":"task.stdout"}
{"timestamp":"2025-12-04T14:44:03.295047Z","level":"info","event":"[INFO] Extracted /opt/airflow/data/raw/83448/83448.20251127.001631.529547.zip → /opt/airflow/data/staging/83448/83448.20251127.001631.529547","logger":"task.stdout"}
{"timestamp":"2025-12-04T14:44:03.470088Z","level":"info","event":"[INFO] Downloaded: /opt/airflow/data/raw/83448/83448.20251126.001419.790455.zip","logger":"task.stdout"}
{"timestamp":"2025-12-04T14:44:03.715842Z","level":"info","event":"[INFO] Extracted /opt/airflow/data/raw/83448/83448.20251126.001419.790455.zip → /opt/airflow/data/staging/83448/83448.20251126.001419.790455","logger":"task.stdout"}
{"timestamp":"2025-12-04T14:44:03.940596Z","level":"info","event":"[INFO] Downloaded: /opt/airflow/data/raw/83448/83448.20251125.001512.357558.zip","logger":"task.stdout"}
{"timestamp":"2025-12-04T14:44:04.249034Z","level":"info","event":"[INFO] Extracted /opt/airflow/data/raw/83448/83448.20251125.001512.357558.zip → /opt/airflow/data/staging/83448/83448.20251125.001512.357558","logger":"task.stdout"}
{"timestamp":"2025-12-04T14:44:04.434935Z","level":"info","event":"[INFO] Downloaded: /opt/airflow/data/raw/83448/83448.20251124.001146.510833.zip","logger":"task.stdout"}
{"timestamp":"2025-12-04T14:44:04.756511Z","level":"info","event":"[INFO] Extracted /opt/airflow/data/raw/83448/83448.20251124.001146.510833.zip → /opt/airflow/data/staging/83448/83448.20251124.001146.510833","logger":"task.stdout"}
{"timestamp":"2025-12-04T14:44:04.902156Z","level":"info","event":"[INFO] Downloaded: /opt/airflow/data/raw/83448/83448.20251123.001442.402803.zip","logger":"task.stdout"}
{"timestamp":"2025-12-04T14:44:05.142626Z","level":"info","event":"[INFO] Extracted /opt/airflow/data/raw/83448/83448.20251123.001442.402803.zip → /opt/airflow/data/staging/83448/83448.20251123.001442.402803","logger":"task.stdout"}
{"timestamp":"2025-12-04T14:44:05.295763Z","level":"info","event":"[INFO] Downloaded: /opt/airflow/data/raw/83448/83448.20251122.061432.878244.zip","logger":"task.stdout"}
{"timestamp":"2025-12-04T14:44:05.573774Z","level":"info","event":"[INFO] Extracted /opt/airflow/data/raw/83448/83448.20251122.061432.878244.zip → /opt/airflow/data/staging/83448/83448.20251122.061432.878244","logger":"task.stdout"}
{"timestamp":"2025-12-04T14:44:05.693973Z","level":"info","event":"[INFO] Downloaded: /opt/airflow/data/raw/83448/83448.20251121.001958.595604.zip","logger":"task.stdout"}
{"timestamp":"2025-12-04T14:44:05.925003Z","level":"info","event":"[INFO] Extracted /opt/airflow/data/raw/83448/83448.20251121.001958.595604.zip → /opt/airflow/data/staging/83448/83448.20251121.001958.595604","logger":"task.stdout"}
{"timestamp":"2025-12-04T14:44:06.087011Z","level":"info","event":"[INFO] Downloaded: /opt/airflow/data/raw/83448/83448.20251120.001329.536549.zip","logger":"task.stdout"}
{"timestamp":"2025-12-04T14:44:06.372272Z","level":"info","event":"[INFO] Extracted /opt/airflow/data/raw/83448/83448.20251120.001329.536549.zip → /opt/airflow/data/staging/83448/83448.20251120.001329.536549","logger":"task.stdout"}
{"timestamp":"2025-12-04T14:44:06.575391Z","level":"info","event":"[INFO] Downloaded: /opt/airflow/data/raw/83448/83448.20251119.181247.053372.zip","logger":"task.stdout"}
{"timestamp":"2025-12-04T14:44:06.867703Z","level":"info","event":"[INFO] Extracted /opt/airflow/data/raw/83448/83448.20251119.181247.053372.zip → /opt/airflow/data/staging/83448/83448.20251119.181247.053372","logger":"task.stdout"}
{"timestamp":"2025-12-04T14:44:07.167280Z","level":"info","event":"[INFO] Downloaded: /opt/airflow/data/raw/83448/83448.20251119.002834.047085.zip","logger":"task.stdout"}
{"timestamp":"2025-12-04T14:44:07.443281Z","level":"info","event":"[INFO] Extracted /opt/airflow/data/raw/83448/83448.20251119.002834.047085.zip → /opt/airflow/data/staging/83448/83448.20251119.002834.047085","logger":"task.stdout"}
{"timestamp":"2025-12-04T14:44:07.589475Z","level":"info","event":"[INFO] Downloaded: /opt/airflow/data/raw/83448/83448.20251030.061246.491981.zip","logger":"task.stdout"}
{"timestamp":"2025-12-04T14:44:07.848888Z","level":"info","event":"[INFO] Extracted /opt/airflow/data/raw/83448/83448.20251030.061246.491981.zip → /opt/airflow/data/staging/83448/83448.20251030.061246.491981","logger":"task.stdout"}
{"timestamp":"2025-12-04T14:44:08.034118Z","level":"info","event":"[INFO] Downloaded: /opt/airflow/data/raw/83448/83448.20251029.001326.949946.zip","logger":"task.stdout"}
{"timestamp":"2025-12-04T14:44:08.316960Z","level":"info","event":"[INFO] Extracted /opt/airflow/data/raw/83448/83448.20251029.001326.949946.zip → /opt/airflow/data/staging/83448/83448.20251029.001326.949946","logger":"task.stdout"}
{"timestamp":"2025-12-04T14:44:08.469306Z","level":"info","event":"[INFO] Downloaded: /opt/airflow/data/raw/83448/83448.20251028.001357.282242.zip","logger":"task.stdout"}
{"timestamp":"2025-12-04T14:44:08.757259Z","level":"info","event":"[INFO] Extracted /opt/airflow/data/raw/83448/83448.20251028.001357.282242.zip → /opt/airflow/data/staging/83448/83448.20251028.001357.282242","logger":"task.stdout"}
{"timestamp":"2025-12-04T14:44:08.891373Z","level":"info","event":"[INFO] Downloaded: /opt/airflow/data/raw/83448/83448.20251027.001626.712238.zip","logger":"task.stdout"}
{"timestamp":"2025-12-04T14:44:09.195789Z","level":"info","event":"[INFO] Extracted /opt/airflow/data/raw/83448/83448.20251027.001626.712238.zip → /opt/airflow/data/staging/83448/83448.20251027.001626.712238","logger":"task.stdout"}
{"timestamp":"2025-12-04T14:44:09.351385Z","level":"info","event":"[INFO] Downloaded: /opt/airflow/data/raw/83448/83448.20251026.001321.081639.zip","logger":"task.stdout"}
{"timestamp":"2025-12-04T14:44:09.561922Z","level":"info","event":"[INFO] Extracted /opt/airflow/data/raw/83448/83448.20251026.001321.081639.zip → /opt/airflow/data/staging/83448/83448.20251026.001321.081639","logger":"task.stdout"}
{"timestamp":"2025-12-04T14:44:09.680672Z","level":"info","event":"[INFO] Downloaded: /opt/airflow/data/raw/83448/83448.20251025.001452.474567.zip","logger":"task.stdout"}
{"timestamp":"2025-12-04T14:44:09.901641Z","level":"info","event":"[INFO] Extracted /opt/airflow/data/raw/83448/83448.20251025.001452.474567.zip → /opt/airflow/data/staging/83448/83448.20251025.001452.474567","logger":"task.stdout"}
{"timestamp":"2025-12-04T14:44:10.048970Z","level":"info","event":"[INFO] Downloaded: /opt/airflow/data/raw/83448/83448.20251022.121432.432062.zip","logger":"task.stdout"}
{"timestamp":"2025-12-04T14:44:10.311524Z","level":"info","event":"[INFO] Extracted /opt/airflow/data/raw/83448/83448.20251022.121432.432062.zip → /opt/airflow/data/staging/83448/83448.20251022.121432.432062","logger":"task.stdout"}
{"timestamp":"2025-12-04T14:44:10.450379Z","level":"info","event":"[INFO] Downloaded: /opt/airflow/data/raw/83448/83448.20251022.001545.939967.zip","logger":"task.stdout"}
{"timestamp":"2025-12-04T14:44:10.640982Z","level":"info","event":"[INFO] Extracted /opt/airflow/data/raw/83448/83448.20251022.001545.939967.zip → /opt/airflow/data/staging/83448/83448.20251022.001545.939967","logger":"task.stdout"}
{"timestamp":"2025-12-04T14:44:10.644851Z","level":"info","event":"Done. Returned value was: None","logger":"airflow.task.operators.airflow.providers.standard.decorators.python._PythonDecoratedOperator","filename":"python.py","lineno":215}
